processed 0 out of 2021800
processed 100 out of 2021800
processed 200 out of 2021800
processed 300 out of 2021800
processed 400 out of 2021800
processed 500 out of 2021800
processed 600 out of 2021800
processed 700 out of 2021800
processed 800 out of 2021800
processed 900 out of 2021800
processed 1000 out of 2021800
processed 1100 out of 2021800
processed 1200 out of 2021800
processed 1300 out of 2021800
processed 1400 out of 2021800
processed 1500 out of 2021800
processed 1600 out of 2021800
processed 1700 out of 2021800
processed 1800 out of 2021800
processed 1900 out of 2021800
processed 2000 out of 2021800
processed 2100 out of 2021800
processed 2200 out of 2021800
processed 2300 out of 2021800
processed 2400 out of 2021800
processed 2500 out of 2021800
processed 2600 out of 2021800
processed 2700 out of 2021800
processed 2800 out of 2021800
processed 2900 out of 2021800
processed 3000 out of 2021800
processed 3100 out of 2021800
processed 3200 out of 2021800
processed 3300 out of 2021800
processed 3400 out of 2021800
processed 3500 out of 2021800
processed 3600 out of 2021800
processed 3700 out of 2021800
processed 3800 out of 2021800
processed 3900 out of 2021800
processed 4000 out of 2021800
processed 4100 out of 2021800
processed 4200 out of 2021800
processed 4300 out of 2021800
processed 4400 out of 2021800
processed 4500 out of 2021800
processed 4600 out of 2021800
processed 4700 out of 2021800
processed 4800 out of 2021800
processed 4900 out of 2021800
processed 5000 out of 2021800
processed 5100 out of 2021800
processed 5200 out of 2021800
processed 5300 out of 2021800
processed 5400 out of 2021800
processed 5500 out of 2021800
processed 5600 out of 2021800
processed 5700 out of 2021800
processed 5800 out of 2021800
processed 5900 out of 2021800
processed 6000 out of 2021800
processed 6100 out of 2021800
processed 6200 out of 2021800
processed 6300 out of 2021800
processed 6400 out of 2021800
processed 6500 out of 2021800
processed 6600 out of 2021800
processed 6700 out of 2021800
processed 6800 out of 2021800
processed 6900 out of 2021800
processed 7000 out of 2021800
processed 7100 out of 2021800
processed 7200 out of 2021800
processed 7300 out of 2021800
processed 7400 out of 2021800
processed 7500 out of 2021800
processed 7600 out of 2021800
processed 7700 out of 2021800
processed 7800 out of 2021800
processed 7900 out of 2021800
processed 8000 out of 2021800
processed 8100 out of 2021800
processed 8200 out of 2021800
processed 8300 out of 2021800
processed 8400 out of 2021800
processed 8500 out of 2021800
processed 8600 out of 2021800
processed 8700 out of 2021800
processed 8800 out of 2021800
processed 8900 out of 2021800
processed 9000 out of 2021800
processed 9100 out of 2021800
processed 9200 out of 2021800
processed 9300 out of 2021800
processed 9400 out of 2021800
processed 9500 out of 2021800
processed 9600 out of 2021800
processed 9700 out of 2021800
processed 9800 out of 2021800
processed 9900 out of 2021800
processed 10000 out of 2021800
processed 10100 out of 2021800
processed 10200 out of 2021800
processed 10300 out of 2021800
processed 10400 out of 2021800
processed 10500 out of 2021800
processed 10600 out of 2021800
processed 10700 out of 2021800
processed 10800 out of 2021800
processed 10900 out of 2021800
processed 11000 out of 2021800
processed 11100 out of 2021800
processed 11200 out of 2021800
Traceback (most recent call last):
  File "MIT5K_uniform_distortion.py", line 140, in <module>
    random_aug(img_path)
  File "MIT5K_uniform_distortion.py", line 136, in random_aug
    image.save(os.path.join(save_dir, fn+"_"+action_str+ext))
  File "/usr/lib/python2.7/dist-packages/PIL/Image.py", line 1468, in save
    save_handler(self, fp, filename)
  File "/usr/lib/python2.7/dist-packages/PIL/JpegImagePlugin.py", line 579, in _save
    ImageFile._save(im, fp, [("jpeg", (0,0)+im.size, 0, rawmode)], bufsize)
  File "/usr/lib/python2.7/dist-packages/PIL/ImageFile.py", line 477, in _save
    s = e.encode_to_file(fh, bufsize)
KeyboardInterrupt
